<?xml version="1.0" encoding="UTF-8"?>
<!-- Generated by org.testng.reporters.JUnitReportReporter -->
<testsuite hostname="Sivaramakrishna" failures="0" tests="8" name="TestSuite.pp_home_page" time="11.701" errors="0" timestamp="2023-08-03T03:33:24 IST" skipped="0">
  <testcase classname="TestSuite.pp_home_page" name="test3" time="0.000"/>
  <system-out/>
  <testcase classname="TestSuite.pp_home_page" name="test7" time="0.771"/>
  <system-out/>
  <testcase classname="TestSuite.pp_home_page" name="test4" time="0.601"/>
  <system-out/>
  <testcase classname="TestSuite.pp_home_page" name="test6" time="0.608"/>
  <system-out/>
  <testcase classname="TestSuite.pp_home_page" name="test5" time="0.000"/>
  <system-out/>
  <testcase classname="TestSuite.pp_home_page" name="test2" time="3.905"/>
  <system-out/>
  <testcase classname="TestSuite.pp_home_page" name="login_page" time="5.035"/>
  <system-out/>
  <testcase classname="TestSuite.pp_home_page" name="test8" time="0.781"/>
  <system-out/>
</testsuite> <!-- TestSuite.pp_home_page -->
