<?xml version="1.0" encoding="UTF-8"?>
<!-- Generated by org.testng.reporters.JUnitReportReporter -->
<testsuite hostname="Sivaramakrishna" failures="0" tests="9" name="TestSuite.login_page" time="11.456" errors="0" timestamp="2023-08-03T01:53:48 IST" skipped="0">
  <testcase classname="TestSuite.login_page" name="alllinks" time="0.180"/>
  <system-out/>
  <testcase classname="TestSuite.login_page" name="test4" time="0.541"/>
  <system-out/>
  <testcase classname="TestSuite.login_page" name="test6" time="0.634"/>
  <system-out/>
  <testcase classname="TestSuite.login_page" name="test2" time="8.002"/>
  <system-out/>
  <testcase classname="TestSuite.login_page" name="test7" time="0.746"/>
  <system-out/>
  <testcase classname="TestSuite.login_page" name="test3" time="0.000"/>
  <system-out/>
  <testcase classname="TestSuite.login_page" name="test1" time="0.669"/>
  <system-out/>
  <testcase classname="TestSuite.login_page" name="test8" time="0.684"/>
  <system-out/>
  <testcase classname="TestSuite.login_page" name="test5" time="0.000"/>
  <system-out/>
</testsuite> <!-- TestSuite.login_page -->
