<?xml version="1.0" encoding="UTF-8"?>
<!-- Generated by org.testng.reporters.JUnitReportReporter -->
<testsuite hostname="Sivaramakrishna" failures="0" tests="1" name="TestSuite.login_page" time="0.135" errors="0" timestamp="2023-07-26T06:32:35 IST" skipped="0">
  <testcase classname="TestSuite.login_page" name="test1" time="0.135"/>
  <system-out/>
</testsuite> <!-- TestSuite.login_page -->
