<?xml version="1.0" encoding="UTF-8"?>
<!-- Generated by org.testng.reporters.JUnitReportReporter -->
<testsuite hostname="Sivaramakrishna" failures="0" tests="1" name="All_links.alllinksclass" time="37.111" errors="0" timestamp="2023-08-03T22:24:43 IST" skipped="0">
  <testcase classname="All_links.alllinksclass" name="pplinks" time="37.111"/>
  <system-out/>
</testsuite> <!-- All_links.alllinksclass -->
