<?xml version="1.0" encoding="UTF-8"?>
<!-- Generated by org.testng.reporters.JUnitReportReporter -->
<testsuite hostname="Sivaramakrishna" failures="0" tests="1" name="Browsers.Browsers_login" time="7.621" errors="0" timestamp="2023-07-23T13:41:44 IST" skipped="0">
  <testcase classname="Browsers.Browsers_login" name="demoqaloginpage" time="7.621"/>
  <system-out/>
</testsuite> <!-- Browsers.Browsers_login -->
